Блок3/Задание 8.3/NotificationScheduler/app/build/intermediates/manifest_merge_blame_file/debug/manifest-merger-blame-debug-report.txt
1<?xml version="1.0" encoding="utf-8"?>
2<!--
3  ~ Copyright (C) 2018 Google Inc.
4  ~
5  ~ Licensed under the Apache License, Version 2.0 (the "License");
6  ~ you may not use this file except in compliance with the License.
7  ~ You may obtain a copy of the License at
8  ~
9  ~     http://www.apache.org/licenses/LICENSE-2.0
10  ~
11  ~ Unless required by applicable law or agreed to in writing, software
12  ~ distributed under the License is distributed on an "AS IS" BASIS,
13  ~ WITHOUT WARRANTIES OR CONDITIONS OF ANY KIND, either express or implied.
14  ~ See the License for the specific language governing permissions and
15  ~ limitations under the License.
16-->
17<manifest xmlns:android="http://schemas.android.com/apk/res/android"
18    package="com.android.example.notificationscheduler"
19    android:versionCode="1"
20    android:versionName="1.0" >
21
22    <uses-sdk
23        android:minSdkVersion="21"
23-->src\main\AndroidManifest.xml
24        android:targetSdkVersion="28" />
24-->src\main\AndroidManifest.xml
25
26    <uses-permission android:name="android.permission.VIBRATE" />
26-->src\main\AndroidManifest.xml:21:5-66
26-->src\main\AndroidManifest.xml:21:22-63
27
28    <application
28-->src\main\AndroidManifest.xml:23:5-42:19
29        android:allowBackup="true"
29-->src\main\AndroidManifest.xml:24:9-35
30        android:appComponentFactory="android.support.v4.app.CoreComponentFactory"
30-->[com.android.support:support-compat:28.0.0] AndroidManifest.xml:22:18-91
31        android:debuggable="true"
32        android:icon="@mipmap/ic_launcher"
32-->src\main\AndroidManifest.xml:25:9-43
33        android:label="@string/app_name"
33-->src\main\AndroidManifest.xml:26:9-41
34        android:roundIcon="@mipmap/ic_launcher_round"
34-->src\main\AndroidManifest.xml:27:9-54
35        android:supportsRtl="true"
35-->src\main\AndroidManifest.xml:28:9-35
36        android:testOnly="true"
37        android:theme="@style/AppTheme" >
37-->src\main\AndroidManifest.xml:29:9-40
38        <activity android:name="com.android.example.notificationscheduler.MainActivity" >
38-->src\main\AndroidManifest.xml:30:9-36:20
38-->src\main\AndroidManifest.xml:30:19-47
39            <intent-filter>
39-->src\main\AndroidManifest.xml:31:13-35:29
40                <action android:name="android.intent.action.MAIN" />
40-->src\main\AndroidManifest.xml:32:17-69
40-->src\main\AndroidManifest.xml:32:25-66
41
42                <category android:name="android.intent.category.LAUNCHER" />
42-->src\main\AndroidManifest.xml:34:17-77
42-->src\main\AndroidManifest.xml:34:27-74
43            </intent-filter>
44        </activity>
45
46        <service
46-->src\main\AndroidManifest.xml:38:9-40:71
47            android:name="com.android.example.notificationscheduler.NotificationJobService"
47-->src\main\AndroidManifest.xml:39:13-51
48            android:permission="android.permission.BIND_JOB_SERVICE" />
48-->src\main\AndroidManifest.xml:40:13-69
49    </application>
50
51</manifest>